mode: set
fhir-validation-proxy/cmd/server/main.go:17.13,19.67 1 0
fhir-validation-proxy/cmd/server/main.go:19.67,21.3 1 0
fhir-validation-proxy/cmd/server/main.go:23.2,23.66 1 0
fhir-validation-proxy/cmd/server/main.go:23.66,25.3 1 0
fhir-validation-proxy/cmd/server/main.go:27.2,27.70 1 0
fhir-validation-proxy/cmd/server/main.go:27.70,29.3 1 0
fhir-validation-proxy/cmd/server/main.go:31.2,31.76 1 0
fhir-validation-proxy/cmd/server/main.go:31.76,32.34 1 0
fhir-validation-proxy/cmd/server/main.go:32.34,35.4 2 0
fhir-validation-proxy/cmd/server/main.go:37.3,38.17 2 0
fhir-validation-proxy/cmd/server/main.go:38.17,41.4 2 0
fhir-validation-proxy/cmd/server/main.go:43.3,45.17 3 0
fhir-validation-proxy/cmd/server/main.go:45.17,48.4 2 0
fhir-validation-proxy/cmd/server/main.go:50.3,52.20 2 0
fhir-validation-proxy/cmd/server/main.go:52.20,57.41 2 0
fhir-validation-proxy/cmd/server/main.go:57.41,63.5 1 0
fhir-validation-proxy/cmd/server/main.go:64.4,66.70 3 0
fhir-validation-proxy/cmd/server/main.go:66.70,68.5 1 0
fhir-validation-proxy/cmd/server/main.go:69.4,69.10 1 0
fhir-validation-proxy/cmd/server/main.go:73.3,74.20 2 0
fhir-validation-proxy/cmd/server/main.go:74.20,76.18 2 0
fhir-validation-proxy/cmd/server/main.go:76.18,79.5 2 0
fhir-validation-proxy/cmd/server/main.go:80.4,81.18 2 0
fhir-validation-proxy/cmd/server/main.go:81.18,84.5 2 0
fhir-validation-proxy/cmd/server/main.go:85.4,85.17 1 0
fhir-validation-proxy/cmd/server/main.go:85.17,86.52 1 0
fhir-validation-proxy/cmd/server/main.go:86.52,88.6 1 0
fhir-validation-proxy/cmd/server/main.go:90.4,92.56 3 0
fhir-validation-proxy/cmd/server/main.go:92.56,94.5 1 0
fhir-validation-proxy/cmd/server/main.go:95.4,95.10 1 0
fhir-validation-proxy/cmd/server/main.go:99.3,101.61 3 0
fhir-validation-proxy/cmd/server/main.go:101.61,103.4 1 0
fhir-validation-proxy/cmd/server/main.go:106.2,113.33 3 0
fhir-validation-proxy/api/handler.go:11.62,12.33 1 1
fhir-validation-proxy/api/handler.go:12.33,15.3 2 0
fhir-validation-proxy/api/handler.go:17.2,18.16 2 1
fhir-validation-proxy/api/handler.go:18.16,21.3 2 0
fhir-validation-proxy/api/handler.go:23.2,25.16 3 1
fhir-validation-proxy/api/handler.go:25.16,28.3 2 1
fhir-validation-proxy/api/handler.go:30.2,33.18 3 1
fhir-validation-proxy/api/handler.go:33.18,42.18 2 1
fhir-validation-proxy/api/handler.go:42.18,45.4 2 0
fhir-validation-proxy/api/handler.go:46.8,49.37 3 0
fhir-validation-proxy/api/handler.go:49.37,55.4 1 0
fhir-validation-proxy/api/handler.go:56.3,59.18 1 0
fhir-validation-proxy/api/handler.go:59.18,62.4 2 0
fhir-validation-proxy/api/handler.go:66.79,76.17 3 1
fhir-validation-proxy/api/handler.go:76.17,78.3 1 0
fhir-validation-proxy/internal/validator/profiles.go:29.37,30.81 1 0
fhir-validation-proxy/internal/validator/profiles.go:30.81,31.70 1 0
fhir-validation-proxy/internal/validator/profiles.go:31.70,33.4 1 0
fhir-validation-proxy/internal/validator/profiles.go:36.3,37.17 2 0
fhir-validation-proxy/internal/validator/profiles.go:37.17,39.4 1 0
fhir-validation-proxy/internal/validator/profiles.go:41.3,42.51 2 0
fhir-validation-proxy/internal/validator/profiles.go:42.51,44.4 1 0
fhir-validation-proxy/internal/validator/profiles.go:46.3,46.19 1 0
fhir-validation-proxy/internal/validator/profiles.go:46.19,48.4 1 0
fhir-validation-proxy/internal/validator/profiles.go:49.3,49.13 1 0
fhir-validation-proxy/internal/validator/recipes.go:29.37,32.16 2 0
fhir-validation-proxy/internal/validator/recipes.go:32.16,34.3 1 0
fhir-validation-proxy/internal/validator/recipes.go:36.2,37.54 2 0
fhir-validation-proxy/internal/validator/recipes.go:37.54,39.3 1 0
fhir-validation-proxy/internal/validator/recipes.go:41.2,41.39 1 0
fhir-validation-proxy/internal/validator/recipes.go:41.39,43.3 1 0
fhir-validation-proxy/internal/validator/recipes.go:45.2,45.12 1 0
fhir-validation-proxy/internal/validator/rules.go:26.39,29.16 2 0
fhir-validation-proxy/internal/validator/rules.go:29.16,31.3 1 0
fhir-validation-proxy/internal/validator/rules.go:32.2,32.42 1 0
fhir-validation-proxy/internal/validator/rules.go:36.85,40.9 3 1
fhir-validation-proxy/internal/validator/rules.go:40.9,42.3 1 1
fhir-validation-proxy/internal/validator/rules.go:44.2,44.32 1 0
fhir-validation-proxy/internal/validator/rules.go:44.32,45.68 1 0
fhir-validation-proxy/internal/validator/rules.go:45.68,47.4 1 0
fhir-validation-proxy/internal/validator/rules.go:48.3,48.77 1 0
fhir-validation-proxy/internal/validator/rules.go:48.77,50.4 1 0
fhir-validation-proxy/internal/validator/rules.go:51.3,51.102 1 0
fhir-validation-proxy/internal/validator/rules.go:51.102,53.4 1 0
fhir-validation-proxy/internal/validator/rules.go:54.3,54.112 1 0
fhir-validation-proxy/internal/validator/rules.go:54.112,56.4 1 0
fhir-validation-proxy/internal/validator/rules.go:57.3,57.96 1 0
fhir-validation-proxy/internal/validator/rules.go:57.96,59.4 1 0
fhir-validation-proxy/internal/validator/rules.go:62.2,62.15 1 0
fhir-validation-proxy/internal/validator/rules.go:65.73,69.34 3 1
fhir-validation-proxy/internal/validator/rules.go:69.34,72.10 3 1
fhir-validation-proxy/internal/validator/rules.go:72.10,74.4 1 1
fhir-validation-proxy/internal/validator/rules.go:76.3,76.24 1 1
fhir-validation-proxy/internal/validator/rules.go:76.24,77.27 1 1
fhir-validation-proxy/internal/validator/rules.go:78.32,79.16 1 0
fhir-validation-proxy/internal/validator/rules.go:80.23,81.22 1 0
fhir-validation-proxy/internal/validator/rules.go:82.12,83.16 1 1
fhir-validation-proxy/internal/validator/rules.go:87.3,87.26 1 1
fhir-validation-proxy/internal/validator/rules.go:88.31,89.15 1 0
fhir-validation-proxy/internal/validator/rules.go:90.22,91.19 1 1
fhir-validation-proxy/internal/validator/rules.go:91.19,93.5 1 1
fhir-validation-proxy/internal/validator/rules.go:95.4,96.27 2 1
fhir-validation-proxy/internal/validator/rules.go:96.27,97.57 1 1
fhir-validation-proxy/internal/validator/rules.go:97.57,98.58 1 1
fhir-validation-proxy/internal/validator/rules.go:98.58,100.7 1 1
fhir-validation-proxy/internal/validator/rules.go:103.4,103.16 1 1
fhir-validation-proxy/internal/validator/rules.go:104.11,105.16 1 1
fhir-validation-proxy/internal/validator/rules.go:108.2,108.13 1 0
fhir-validation-proxy/internal/validator/rules.go:111.71,115.34 3 1
fhir-validation-proxy/internal/validator/rules.go:115.34,118.10 3 1
fhir-validation-proxy/internal/validator/rules.go:118.10,120.4 1 1
fhir-validation-proxy/internal/validator/rules.go:122.3,122.26 1 1
fhir-validation-proxy/internal/validator/rules.go:123.22,124.16 1 1
fhir-validation-proxy/internal/validator/rules.go:124.16,126.5 1 0
fhir-validation-proxy/internal/validator/rules.go:127.4,127.17 1 1
fhir-validation-proxy/internal/validator/rules.go:128.31,129.15 1 0
fhir-validation-proxy/internal/validator/rules.go:130.11,131.25 1 1
fhir-validation-proxy/internal/validator/rules.go:131.25,132.19 1 1
fhir-validation-proxy/internal/validator/rules.go:132.19,134.6 1 1
fhir-validation-proxy/internal/validator/rules.go:135.5,135.13 1 1
fhir-validation-proxy/internal/validator/rules.go:137.4,137.12 1 0
fhir-validation-proxy/internal/validator/rules.go:140.2,140.10 1 0
fhir-validation-proxy/internal/validator/rules.go:143.102,145.21 2 1
fhir-validation-proxy/internal/validator/rules.go:145.21,147.10 2 1
fhir-validation-proxy/internal/validator/rules.go:147.10,149.4 1 0
fhir-validation-proxy/internal/validator/rules.go:150.3,150.25 1 1
fhir-validation-proxy/internal/validator/rules.go:152.2,154.34 2 1
fhir-validation-proxy/internal/validator/rules.go:154.34,157.10 3 1
fhir-validation-proxy/internal/validator/rules.go:157.10,159.4 1 1
fhir-validation-proxy/internal/validator/rules.go:161.3,161.24 1 1
fhir-validation-proxy/internal/validator/rules.go:161.24,163.4 1 1
fhir-validation-proxy/internal/validator/rules.go:165.3,165.26 1 0
fhir-validation-proxy/internal/validator/rules.go:166.31,167.15 1 0
fhir-validation-proxy/internal/validator/rules.go:168.11,169.16 1 0
fhir-validation-proxy/internal/validator/rules.go:172.2,172.14 1 0
fhir-validation-proxy/internal/validator/rules.go:175.105,179.34 3 1
fhir-validation-proxy/internal/validator/rules.go:179.34,182.10 3 1
fhir-validation-proxy/internal/validator/rules.go:182.10,184.4 1 1
fhir-validation-proxy/internal/validator/rules.go:186.3,186.24 1 1
fhir-validation-proxy/internal/validator/rules.go:186.24,187.30 1 1
fhir-validation-proxy/internal/validator/rules.go:187.30,188.17 1 1
fhir-validation-proxy/internal/validator/rules.go:188.17,190.6 1 1
fhir-validation-proxy/internal/validator/rules.go:192.4,192.16 1 1
fhir-validation-proxy/internal/validator/rules.go:195.3,195.26 1 0
fhir-validation-proxy/internal/validator/rules.go:196.31,197.15 1 0
fhir-validation-proxy/internal/validator/rules.go:198.11,199.16 1 0
fhir-validation-proxy/internal/validator/rules.go:202.2,202.14 1 0
fhir-validation-proxy/internal/validator/rules.go:205.97,209.34 3 1
fhir-validation-proxy/internal/validator/rules.go:209.34,212.10 3 1
fhir-validation-proxy/internal/validator/rules.go:212.10,215.4 2 0
fhir-validation-proxy/internal/validator/rules.go:217.3,217.24 1 1
fhir-validation-proxy/internal/validator/rules.go:217.24,219.11 2 1
fhir-validation-proxy/internal/validator/rules.go:219.11,222.5 2 1
fhir-validation-proxy/internal/validator/rules.go:223.4,224.18 2 1
fhir-validation-proxy/internal/validator/rules.go:224.18,227.5 2 0
fhir-validation-proxy/internal/validator/rules.go:228.4,230.18 3 1
fhir-validation-proxy/internal/validator/rules.go:233.3,233.26 1 1
fhir-validation-proxy/internal/validator/rules.go:234.31,235.15 1 1
fhir-validation-proxy/internal/validator/rules.go:236.22,237.19 1 1
fhir-validation-proxy/internal/validator/rules.go:237.19,239.5 1 0
fhir-validation-proxy/internal/validator/rules.go:241.4,242.27 2 1
fhir-validation-proxy/internal/validator/rules.go:242.27,243.57 1 1
fhir-validation-proxy/internal/validator/rules.go:243.57,244.75 1 1
fhir-validation-proxy/internal/validator/rules.go:244.75,246.7 1 1
fhir-validation-proxy/internal/validator/rules.go:249.4,249.16 1 0
fhir-validation-proxy/internal/validator/rules.go:250.11,252.16 2 0
fhir-validation-proxy/internal/validator/rules.go:255.2,255.14 1 0
fhir-validation-proxy/internal/validator/validator.go:19.65,22.79 2 1
fhir-validation-proxy/internal/validator/validator.go:22.79,24.3 1 1
fhir-validation-proxy/internal/validator/validator.go:26.2,33.11 3 1
fhir-validation-proxy/internal/validator/validator.go:33.11,39.3 1 1
fhir-validation-proxy/internal/validator/validator.go:39.8,40.28 1 1
fhir-validation-proxy/internal/validator/validator.go:40.28,46.4 1 1
fhir-validation-proxy/internal/validator/validator.go:49.2,53.3 1 1
fhir-validation-proxy/internal/validator/validator.go:57.72,61.9 3 1
fhir-validation-proxy/internal/validator/validator.go:61.9,63.3 1 0
fhir-validation-proxy/internal/validator/validator.go:65.2,65.29 1 1
fhir-validation-proxy/internal/validator/validator.go:65.29,67.3 1 1
fhir-validation-proxy/internal/validator/validator.go:69.2,70.15 2 1
fhir-validation-proxy/internal/validator/validator.go:70.15,72.29 2 0
fhir-validation-proxy/internal/validator/validator.go:72.29,73.51 1 0
fhir-validation-proxy/internal/validator/validator.go:73.51,74.66 1 0
fhir-validation-proxy/internal/validator/validator.go:74.66,75.52 1 0
fhir-validation-proxy/internal/validator/validator.go:75.52,77.7 1 0
fhir-validation-proxy/internal/validator/validator.go:81.3,81.48 1 0
fhir-validation-proxy/internal/validator/validator.go:81.48,82.32 1 0
fhir-validation-proxy/internal/validator/validator.go:82.32,84.5 1 0
fhir-validation-proxy/internal/validator/validator.go:88.3,89.29 2 0
fhir-validation-proxy/internal/validator/validator.go:89.29,90.51 1 0
fhir-validation-proxy/internal/validator/validator.go:90.51,91.66 1 0
fhir-validation-proxy/internal/validator/validator.go:91.66,92.52 1 0
fhir-validation-proxy/internal/validator/validator.go:92.52,94.7 1 0
fhir-validation-proxy/internal/validator/validator.go:98.3,98.45 1 0
fhir-validation-proxy/internal/validator/validator.go:98.45,100.49 2 0
fhir-validation-proxy/internal/validator/validator.go:100.49,102.28 2 0
fhir-validation-proxy/internal/validator/validator.go:102.28,103.47 1 0
fhir-validation-proxy/internal/validator/validator.go:103.47,105.12 2 0
fhir-validation-proxy/internal/validator/validator.go:109.4,109.14 1 0
fhir-validation-proxy/internal/validator/validator.go:109.14,111.5 1 0
fhir-validation-proxy/internal/validator/validator.go:115.2,116.28 2 1
fhir-validation-proxy/internal/validator/validator.go:116.28,117.50 1 1
fhir-validation-proxy/internal/validator/validator.go:117.50,118.65 1 1
fhir-validation-proxy/internal/validator/validator.go:118.65,120.5 1 1
fhir-validation-proxy/internal/validator/validator.go:124.2,125.30 2 1
fhir-validation-proxy/internal/validator/validator.go:125.30,127.3 1 0
fhir-validation-proxy/internal/validator/validator.go:129.2,129.13 1 1
fhir-validation-proxy/internal/validator/validator.go:132.48,133.28 1 1
fhir-validation-proxy/internal/validator/validator.go:133.28,134.50 1 1
fhir-validation-proxy/internal/validator/validator.go:134.50,135.65 1 1
fhir-validation-proxy/internal/validator/validator.go:135.65,136.44 1 1
fhir-validation-proxy/internal/validator/validator.go:136.44,138.6 1 1
fhir-validation-proxy/internal/validator/validator.go:142.2,142.14 1 1
fhir-validation-proxy/internal/validator/validator.go:145.66,149.36 3 1
fhir-validation-proxy/internal/validator/validator.go:149.36,150.27 1 1
fhir-validation-proxy/internal/validator/validator.go:151.31,152.26 1 1
fhir-validation-proxy/internal/validator/validator.go:152.26,153.25 1 1
fhir-validation-proxy/internal/validator/validator.go:153.25,154.35 1 0
fhir-validation-proxy/internal/validator/validator.go:154.35,156.7 1 0
fhir-validation-proxy/internal/validator/validator.go:157.11,159.6 1 1
fhir-validation-proxy/internal/validator/validator.go:161.22,162.27 1 0
fhir-validation-proxy/internal/validator/validator.go:162.27,164.5 1 0
fhir-validation-proxy/internal/validator/validator.go:167.2,168.13 2 1
fhir-validation-proxy/internal/validator/validator.go:171.77,174.52 3 1
fhir-validation-proxy/internal/validator/validator.go:174.52,175.50 1 1
fhir-validation-proxy/internal/validator/validator.go:175.50,176.65 1 1
fhir-validation-proxy/internal/validator/validator.go:176.65,180.5 3 1
fhir-validation-proxy/internal/validator/validator.go:183.2,183.27 1 1
fhir-validation-proxy/internal/validator/validator.go:183.27,184.17 1 0
fhir-validation-proxy/internal/validator/validator.go:184.17,186.4 1 0
fhir-validation-proxy/internal/validator/validator.go:188.2,188.16 1 1
